[ 2015-10-12T16:28:40+08:00 ] 127.0.0.1 /myweb/admin.php/
INFO: [ app_init ] --START--
INFO: Run Behavior\BuildLiteBehavior [ RunTime:0.000059s ]
INFO: [ app_init ] --END-- [ RunTime:0.001153s ]

[ 2015-10-12T16:28:40+08:00 ] 127.0.0.1 /myweb/admin.php/Admin/Login/index.html
INFO: [ app_init ] --START--
INFO: Run Behavior\BuildLiteBehavior [ RunTime:0.000015s ]
INFO: [ app_init ] --END-- [ RunTime:0.000334s ]

[ 2015-10-12T16:28:50+08:00 ] 127.0.0.1 /myweb/admin.php/Admin/Login/login
INFO: [ app_init ] --START--
INFO: Run Behavior\BuildLiteBehavior [ RunTime:0.000019s ]
INFO: [ app_init ] --END-- [ RunTime:0.000436s ]
INFO: [ app_begin ] --START--
INFO: Run Behavior\ReadHtmlCacheBehavior [ RunTime:0.000456s ]
INFO: [ app_begin ] --END-- [ RunTime:0.000523s ]
SQL: SHOW COLUMNS FROM `admin` [ RunTime:0.0050s ]
SQL: SELECT * FROM `admin` WHERE `username` = 'admin' LIMIT 1   [ RunTime:0.0003s ]
INFO: [ app_end ] --START--
INFO: Run Behavior\ShowPageTraceBehavior [ RunTime:0.000595s ]
INFO: [ app_end ] --END-- [ RunTime:0.000647s ]

[ 2015-10-12T16:28:50+08:00 ] 127.0.0.1 /myweb/admin.php/Admin/Main/index.html
INFO: [ app_init ] --START--
INFO: Run Behavior\BuildLiteBehavior [ RunTime:0.000026s ]
INFO: [ app_init ] --END-- [ RunTime:0.000577s ]

[ 2015-10-12T16:28:50+08:00 ] 127.0.0.1 /myweb/admin.php/Admin/assets/ico/favicon.ico
INFO: [ app_init ] --START--
INFO: Run Behavior\BuildLiteBehavior [ RunTime:0.000025s ]
INFO: [ app_init ] --END-- [ RunTime:0.000506s ]

[ 2015-10-12T16:28:51+08:00 ] 127.0.0.1 /myweb/admin.php/Admin/Index/index.html
INFO: [ app_init ] --START--
INFO: Run Behavior\BuildLiteBehavior [ RunTime:0.000029s ]
INFO: [ app_init ] --END-- [ RunTime:0.000598s ]

[ 2015-10-12T16:28:53+08:00 ] 127.0.0.1 /myweb/admin.php/Admin/User/index.html
INFO: [ app_init ] --START--
INFO: Run Behavior\BuildLiteBehavior [ RunTime:0.000017s ]
INFO: [ app_init ] --END-- [ RunTime:0.000315s ]

[ 2015-10-12T16:28:54+08:00 ] 127.0.0.1 /myweb/admin.php/Admin/User/add.html
INFO: [ app_init ] --START--
INFO: Run Behavior\BuildLiteBehavior [ RunTime:0.000024s ]
INFO: [ app_init ] --END-- [ RunTime:0.000337s ]

[ 2015-10-12T16:28:55+08:00 ] 127.0.0.1 /myweb/admin.php/Admin/Exam/addtitlelist
INFO: [ app_init ] --START--
INFO: Run Behavior\BuildLiteBehavior [ RunTime:0.000023s ]
INFO: [ app_init ] --END-- [ RunTime:0.000423s ]

[ 2015-10-12T16:28:56+08:00 ] 127.0.0.1 /myweb/admin.php/Admin/Exam/index.html
INFO: [ app_init ] --START--
INFO: Run Behavior\BuildLiteBehavior [ RunTime:0.000017s ]
INFO: [ app_init ] --END-- [ RunTime:0.000371s ]

[ 2015-10-12T16:28:59+08:00 ] 127.0.0.1 /myweb/admin.php/Admin/Exam/add.html
INFO: [ app_init ] --START--
INFO: Run Behavior\BuildLiteBehavior [ RunTime:0.000016s ]
INFO: [ app_init ] --END-- [ RunTime:0.000323s ]

[ 2015-10-12T16:29:01+08:00 ] 127.0.0.1 /myweb/admin.php/Admin/Exam/trach
INFO: [ app_init ] --START--
INFO: Run Behavior\BuildLiteBehavior [ RunTime:0.000024s ]
INFO: [ app_init ] --END-- [ RunTime:0.000526s ]

[ 2015-10-12T16:29:02+08:00 ] 127.0.0.1 /myweb/admin.php/Admin/Exam/addtitle
INFO: [ app_init ] --START--
INFO: Run Behavior\BuildLiteBehavior [ RunTime:0.000017s ]
INFO: [ app_init ] --END-- [ RunTime:0.000315s ]

[ 2015-10-12T16:29:07+08:00 ] 127.0.0.1 /myweb/admin.php/Admin/Score/index.html
INFO: [ app_init ] --START--
INFO: Run Behavior\BuildLiteBehavior [ RunTime:0.000018s ]
INFO: [ app_init ] --END-- [ RunTime:0.000359s ]

[ 2015-10-12T16:29:09+08:00 ] 127.0.0.1 /myweb/admin.php/Admin/Index/index.html
INFO: [ app_init ] --START--
INFO: Run Behavior\BuildLiteBehavior [ RunTime:0.000030s ]
INFO: [ app_init ] --END-- [ RunTime:0.000594s ]

[ 2015-10-12T16:29:12+08:00 ] 127.0.0.1 /myweb/admin.php/Admin/Index/loginout
INFO: [ app_init ] --START--
INFO: Run Behavior\BuildLiteBehavior [ RunTime:0.000024s ]
INFO: [ app_init ] --END-- [ RunTime:0.000518s ]

[ 2015-10-12T16:29:12+08:00 ] 127.0.0.1 /myweb/admin.php/Admin/Login/index.html
INFO: [ app_init ] --START--
INFO: Run Behavior\BuildLiteBehavior [ RunTime:0.000016s ]
INFO: [ app_init ] --END-- [ RunTime:0.000319s ]

[ 2015-10-12T16:29:20+08:00 ] 127.0.0.1 /myweb/admin.php/Admin/Login/register.html
INFO: [ app_init ] --START--
INFO: Run Behavior\BuildLiteBehavior [ RunTime:0.000016s ]
INFO: [ app_init ] --END-- [ RunTime:0.000312s ]

[ 2015-10-12T16:29:21+08:00 ] 127.0.0.1 /myweb/admin.php/Admin/Main/index
INFO: [ app_init ] --START--
INFO: Run Behavior\BuildLiteBehavior [ RunTime:0.000036s ]
INFO: [ app_init ] --END-- [ RunTime:0.000712s ]

[ 2015-10-12T16:29:23+08:00 ] 127.0.0.1 /myweb/admin.php/Admin/Score/index.html
INFO: [ app_init ] --START--
INFO: Run Behavior\BuildLiteBehavior [ RunTime:0.000028s ]
INFO: [ app_init ] --END-- [ RunTime:0.000528s ]

[ 2015-10-12T16:29:26+08:00 ] 127.0.0.1 /myweb/admin.php/Admin/Index/loginout
INFO: [ app_init ] --START--
INFO: Run Behavior\BuildLiteBehavior [ RunTime:0.000017s ]
INFO: [ app_init ] --END-- [ RunTime:0.000337s ]

[ 2015-10-12T16:29:26+08:00 ] 127.0.0.1 /myweb/admin.php/Admin/Login/index.html
INFO: [ app_init ] --START--
INFO: Run Behavior\BuildLiteBehavior [ RunTime:0.000014s ]
INFO: [ app_init ] --END-- [ RunTime:0.000304s ]

[ 2015-10-12T16:29:31+08:00 ] 127.0.0.1 /myweb/admin.php/Admin/Login/login
INFO: [ app_init ] --START--
INFO: Run Behavior\BuildLiteBehavior [ RunTime:0.000016s ]
INFO: [ app_init ] --END-- [ RunTime:0.000313s ]
INFO: [ app_begin ] --START--
INFO: Run Behavior\ReadHtmlCacheBehavior [ RunTime:0.000399s ]
INFO: [ app_begin ] --END-- [ RunTime:0.000450s ]
SQL: SHOW COLUMNS FROM `admin` [ RunTime:0.0008s ]
SQL: SELECT * FROM `admin` WHERE `username` = 'admin' LIMIT 1   [ RunTime:0.0003s ]
INFO: [ app_end ] --START--
INFO: Run Behavior\ShowPageTraceBehavior [ RunTime:0.000555s ]
INFO: [ app_end ] --END-- [ RunTime:0.000617s ]

[ 2015-10-12T16:29:31+08:00 ] 127.0.0.1 /myweb/admin.php/Admin/Main/index.html
INFO: [ app_init ] --START--
INFO: Run Behavior\BuildLiteBehavior [ RunTime:0.000026s ]
INFO: [ app_init ] --END-- [ RunTime:0.000580s ]

[ 2015-10-12T16:29:32+08:00 ] 127.0.0.1 /myweb/admin.php/Admin/Index/index.html
INFO: [ app_init ] --START--
INFO: Run Behavior\BuildLiteBehavior [ RunTime:0.000015s ]
INFO: [ app_init ] --END-- [ RunTime:0.000312s ]

[ 2015-10-12T16:29:34+08:00 ] 127.0.0.1 /myweb/admin.php/Admin/Index/index/status/%25E6%2599%25AE%25E9%2580%259A%25E7%2594%25A8%25E6%2588%25B7/p/5.html
INFO: [ app_init ] --START--
INFO: Run Behavior\BuildLiteBehavior [ RunTime:0.000016s ]
INFO: [ app_init ] --END-- [ RunTime:0.000312s ]

[ 2015-10-12T16:29:34+08:00 ] 127.0.0.1 /myweb/admin.php/Admin/Index/index/status/%25E6%2599%25AE%25E9%2580%259A%25E7%2594%25A8%25E6%2588%25B7/assets/ico/favicon.ico
INFO: [ app_init ] --START--
INFO: Run Behavior\BuildLiteBehavior [ RunTime:0.000025s ]
INFO: [ app_init ] --END-- [ RunTime:0.000503s ]

[ 2015-10-12T16:29:35+08:00 ] 127.0.0.1 /myweb/admin.php/Admin/Index/edit/id/64
INFO: [ app_init ] --START--
INFO: Run Behavior\BuildLiteBehavior [ RunTime:0.000030s ]
INFO: [ app_init ] --END-- [ RunTime:0.000631s ]

[ 2015-10-12T16:29:36+08:00 ] 127.0.0.1 /myweb/admin.php/Admin/Index/edit/assets/ico/favicon.ico
INFO: [ app_init ] --START--
INFO: Run Behavior\BuildLiteBehavior [ RunTime:0.000027s ]
INFO: [ app_init ] --END-- [ RunTime:0.000514s ]

[ 2015-10-12T16:29:40+08:00 ] 127.0.0.1 /myweb/admin.php/Admin/Index/delete/id/64
INFO: [ app_init ] --START--
INFO: Run Behavior\BuildLiteBehavior [ RunTime:0.000024s ]
INFO: [ app_init ] --END-- [ RunTime:0.000446s ]

[ 2015-10-12T16:29:41+08:00 ] 127.0.0.1 /myweb/admin.php/Admin/Index/index.html
INFO: [ app_init ] --START--
INFO: Run Behavior\BuildLiteBehavior [ RunTime:0.000026s ]
INFO: [ app_init ] --END-- [ RunTime:0.000518s ]

[ 2015-10-12T16:29:43+08:00 ] 127.0.0.1 /myweb/admin.php/Admin/Index/index/status/%25E6%2599%25AE%25E9%2580%259A%25E7%2594%25A8%25E6%2588%25B7/p/5.html
INFO: [ app_init ] --START--
INFO: Run Behavior\BuildLiteBehavior [ RunTime:0.000024s ]
INFO: [ app_init ] --END-- [ RunTime:0.000525s ]

[ 2015-10-12T16:29:47+08:00 ] 127.0.0.1 /myweb/admin.php/Admin/Index/loginout
INFO: [ app_init ] --START--
INFO: Run Behavior\BuildLiteBehavior [ RunTime:0.000022s ]
INFO: [ app_init ] --END-- [ RunTime:0.000459s ]

[ 2015-10-12T16:29:47+08:00 ] 127.0.0.1 /myweb/admin.php/Admin/Login/index.html
INFO: [ app_init ] --START--
INFO: Run Behavior\BuildLiteBehavior [ RunTime:0.000016s ]
INFO: [ app_init ] --END-- [ RunTime:0.000314s ]

[ 2015-10-12T17:20:39+08:00 ] 127.0.0.1 /myweb/admin.php/Admin/Login/index.html
INFO: [ app_init ] --START--
INFO: Run Behavior\BuildLiteBehavior [ RunTime:0.000031s ]
INFO: [ app_init ] --END-- [ RunTime:0.000604s ]

[ 2015-10-12T17:20:52+08:00 ] 127.0.0.1 /myweb/admin.php/Admin/Login/index.html
INFO: [ app_init ] --START--
INFO: Run Behavior\BuildLiteBehavior [ RunTime:0.000019s ]
INFO: [ app_init ] --END-- [ RunTime:0.000465s ]

[ 2015-10-12T17:21:08+08:00 ] 127.0.0.1 /myweb/admin.php/Admin/Login/index.html
INFO: [ app_init ] --START--
INFO: Run Behavior\BuildLiteBehavior [ RunTime:0.000022s ]
INFO: [ app_init ] --END-- [ RunTime:0.000441s ]

[ 2015-10-12T17:21:17+08:00 ] 127.0.0.1 /myweb/admin.php/Admin/Login/index.html
INFO: [ app_init ] --START--
INFO: Run Behavior\BuildLiteBehavior [ RunTime:0.000032s ]
INFO: [ app_init ] --END-- [ RunTime:0.000721s ]

[ 2015-10-12T17:21:52+08:00 ] 127.0.0.1 /myweb/admin.php/Admin/Login/index.html
INFO: [ app_init ] --START--
INFO: Run Behavior\BuildLiteBehavior [ RunTime:0.000018s ]
INFO: [ app_init ] --END-- [ RunTime:0.000383s ]

[ 2015-10-12T17:23:12+08:00 ] 127.0.0.1 /myweb/admin.php/Admin/Login/index.html
INFO: [ app_init ] --START--
INFO: Run Behavior\BuildLiteBehavior [ RunTime:0.000020s ]
INFO: [ app_init ] --END-- [ RunTime:0.000506s ]

[ 2015-10-12T17:23:36+08:00 ] 127.0.0.1 /myweb/admin.php/Admin/Login/register.html
INFO: [ app_init ] --START--
INFO: Run Behavior\BuildLiteBehavior [ RunTime:0.000024s ]
INFO: [ app_init ] --END-- [ RunTime:0.000392s ]

[ 2015-10-12T17:23:37+08:00 ] 127.0.0.1 /myweb/admin.php/Admin/Main/index
INFO: [ app_init ] --START--
INFO: Run Behavior\BuildLiteBehavior [ RunTime:0.000016s ]
INFO: [ app_init ] --END-- [ RunTime:0.000319s ]

[ 2015-10-12T17:23:40+08:00 ] 127.0.0.1 /myweb/admin.php/Admin/Index/loginout
INFO: [ app_init ] --START--
INFO: Run Behavior\BuildLiteBehavior [ RunTime:0.000016s ]
INFO: [ app_init ] --END-- [ RunTime:0.000362s ]

[ 2015-10-12T17:23:40+08:00 ] 127.0.0.1 /myweb/admin.php/Admin/Login/index.html
INFO: [ app_init ] --START--
INFO: Run Behavior\BuildLiteBehavior [ RunTime:0.000016s ]
INFO: [ app_init ] --END-- [ RunTime:0.000310s ]

[ 2015-10-12T17:23:46+08:00 ] 127.0.0.1 /myweb/admin.php/Admin/Login/login
INFO: [ app_init ] --START--
INFO: Run Behavior\BuildLiteBehavior [ RunTime:0.000018s ]
INFO: [ app_init ] --END-- [ RunTime:0.000340s ]
INFO: [ app_begin ] --START--
INFO: Run Behavior\ReadHtmlCacheBehavior [ RunTime:0.000719s ]
INFO: [ app_begin ] --END-- [ RunTime:0.000823s ]
SQL: SHOW COLUMNS FROM `admin` [ RunTime:0.0008s ]
SQL: SELECT * FROM `admin` WHERE `username` = 'admin' LIMIT 1   [ RunTime:0.0002s ]
INFO: [ app_end ] --START--
INFO: Run Behavior\ShowPageTraceBehavior [ RunTime:0.000537s ]
INFO: [ app_end ] --END-- [ RunTime:0.000591s ]

[ 2015-10-12T17:23:46+08:00 ] 127.0.0.1 /myweb/admin.php/Admin/Main/index.html
INFO: [ app_init ] --START--
INFO: Run Behavior\BuildLiteBehavior [ RunTime:0.000018s ]
INFO: [ app_init ] --END-- [ RunTime:0.000337s ]

[ 2015-10-12T17:23:48+08:00 ] 127.0.0.1 /myweb/admin.php/Admin/User/index.html
INFO: [ app_init ] --START--
INFO: Run Behavior\BuildLiteBehavior [ RunTime:0.000018s ]
INFO: [ app_init ] --END-- [ RunTime:0.000334s ]

[ 2015-10-12T17:23:49+08:00 ] 127.0.0.1 /myweb/admin.php/Admin/User/index/status/%25E7%25AE%25A1%25E7%2590%2586%25E5%2591%2598/p/6.html
INFO: [ app_init ] --START--
INFO: Run Behavior\BuildLiteBehavior [ RunTime:0.000021s ]
INFO: [ app_init ] --END-- [ RunTime:0.000406s ]

[ 2015-10-12T17:23:50+08:00 ] 127.0.0.1 /myweb/admin.php/Admin/User/index/status/%25E7%25AE%25A1%25E7%2590%2586%25E5%2591%2598/assets/ico/favicon.ico
INFO: [ app_init ] --START--
INFO: Run Behavior\BuildLiteBehavior [ RunTime:0.000025s ]
INFO: [ app_init ] --END-- [ RunTime:0.000505s ]

[ 2015-10-12T17:23:53+08:00 ] 127.0.0.1 /myweb/admin.php/Admin/User/index.html
INFO: [ app_init ] --START--
INFO: Run Behavior\BuildLiteBehavior [ RunTime:0.000026s ]
INFO: [ app_init ] --END-- [ RunTime:0.000530s ]

[ 2015-10-12T17:23:55+08:00 ] 127.0.0.1 /myweb/admin.php/Admin/Index/index.html
INFO: [ app_init ] --START--
INFO: Run Behavior\BuildLiteBehavior [ RunTime:0.000017s ]
INFO: [ app_init ] --END-- [ RunTime:0.000388s ]

[ 2015-10-12T17:23:57+08:00 ] 127.0.0.1 /myweb/admin.php/Admin/Index/index/status/%25E6%2599%25AE%25E9%2580%259A%25E7%2594%25A8%25E6%2588%25B7/p/5.html
INFO: [ app_init ] --START--
INFO: Run Behavior\BuildLiteBehavior [ RunTime:0.000026s ]
INFO: [ app_init ] --END-- [ RunTime:0.000603s ]

[ 2015-10-12T17:23:59+08:00 ] 127.0.0.1 /myweb/admin.php/Admin/Index/edit/id/65
INFO: [ app_init ] --START--
INFO: Run Behavior\BuildLiteBehavior [ RunTime:0.000018s ]
INFO: [ app_init ] --END-- [ RunTime:0.000333s ]

[ 2015-10-12T17:24:01+08:00 ] 127.0.0.1 /myweb/admin.php/Admin/Index/delete/id/65
INFO: [ app_init ] --START--
INFO: Run Behavior\BuildLiteBehavior [ RunTime:0.000017s ]
INFO: [ app_init ] --END-- [ RunTime:0.000352s ]

[ 2015-10-12T17:24:03+08:00 ] 127.0.0.1 /myweb/admin.php/Admin/Index/index.html
INFO: [ app_init ] --START--
INFO: Run Behavior\BuildLiteBehavior [ RunTime:0.000017s ]
INFO: [ app_init ] --END-- [ RunTime:0.000347s ]

